consign v0.1.6 Initialized in /home/ubuntu/swamp
+ ./app/routes/cadastro.js
+ ./app/routes/dashboard.js
+ ./app/routes/guaspari.js
+ ./app/routes/index.js
+ ./app/routes/jogo.js
+ ./app/routes/matopiba.js
+ ./app/routes/pilots.js
+ ./config/dbConnection.js
+ ./app/models/user.js
+ ./app/controllers/OrionConnect.js
+ ./app/controllers/cadastro.js
+ ./app/controllers/connect.js
+ ./app/controllers/dashboard.js
+ ./app/controllers/dataSet.js
+ ./app/controllers/entities.js
+ ./app/controllers/index.js
+ ./app/controllers/jogo.js
+ ./app/controllers/pilots.js
(node:5861) DeprecationWarning: current URL string parser is deprecated, and will be removed in a future version. To use the new parser, pass option { useNewUrlParser: true } to MongoClient.connect.
(node:5861) DeprecationWarning: current Server Discovery and Monitoring engine is deprecated, and will be removed in a future version. To use the new Server Discover and Monitoring engine, pass option { useUnifiedTopology: true } to the MongoClient constructor.
events.js:183
      throw er; // Unhandled 'error' event
      ^

Error: listen EACCES 0.0.0.0:80
    at Object._errnoException (util.js:1022:11)
    at _exceptionWithHostPort (util.js:1044:20)
    at Server.setupListenHandle [as _listen2] (net.js:1350:19)
    at listenInCluster (net.js:1408:12)
    at Server.listen (net.js:1492:7)
    at Function.listen (/home/ubuntu/swamp/node_modules/express/lib/application.js:618:24)
    at Object.<anonymous> (/home/ubuntu/swamp/app.js:5:5)
    at Module._compile (module.js:652:30)
    at Object.Module._extensions..js (module.js:663:10)
    at Module.load (module.js:565:32)
    at tryModuleLoad (module.js:505:12)
    at Function.Module._load (module.js:497:3)
    at Function.Module.runMain (module.js:693:10)
    at startup (bootstrap_node.js:188:16)
    at bootstrap_node.js:609:3
consign v0.1.6 Initialized in /home/ubuntu/swamp
+ ./app/routes/cadastro.js
+ ./app/routes/dashboard.js
+ ./app/routes/guaspari.js
+ ./app/routes/index.js
+ ./app/routes/jogo.js
+ ./app/routes/matopiba.js
+ ./app/routes/pilots.js
+ ./config/dbConnection.js
+ ./app/models/user.js
+ ./app/controllers/OrionConnect.js
+ ./app/controllers/cadastro.js
+ ./app/controllers/connect.js
+ ./app/controllers/dashboard.js
+ ./app/controllers/dataSet.js
+ ./app/controllers/entities.js
+ ./app/controllers/index.js
+ ./app/controllers/jogo.js
+ ./app/controllers/pilots.js
(node:5967) DeprecationWarning: current URL string parser is deprecated, and will be removed in a future version. To use the new parser, pass option { useNewUrlParser: true } to MongoClient.connect.
(node:5967) DeprecationWarning: current Server Discovery and Monitoring engine is deprecated, and will be removed in a future version. To use the new Server Discover and Monitoring engine, pass option { useUnifiedTopology: true } to the MongoClient constructor.
Servidor online
6
{ MongoNetworkError: failed to connect to server [52.67.251.146:27017] on first connect [MongoNetworkError: connection timed out]
    at Pool.<anonymous> (/home/ubuntu/swamp/node_modules/mongoose/node_modules/mongodb/lib/core/topologies/server.js:431:11)
    at emitOne (events.js:116:13)
    at Pool.emit (events.js:211:7)
    at createConnection (/home/ubuntu/swamp/node_modules/mongoose/node_modules/mongodb/lib/core/connection/pool.js:559:14)
    at connect (/home/ubuntu/swamp/node_modules/mongoose/node_modules/mongodb/lib/core/connection/pool.js:973:11)
    at makeConnection (/home/ubuntu/swamp/node_modules/mongoose/node_modules/mongodb/lib/core/connection/connect.js:39:11)
    at callback (/home/ubuntu/swamp/node_modules/mongoose/node_modules/mongodb/lib/core/connection/connect.js:261:5)
    at Socket.err (/home/ubuntu/swamp/node_modules/mongoose/node_modules/mongodb/lib/core/connection/connect.js:286:7)
    at Object.onceWrapper (events.js:313:30)
    at emitNone (events.js:106:13)
    at Socket.emit (events.js:208:7)
    at Socket._onTimeout (net.js:420:8)
    at ontimeout (timers.js:482:11)
    at tryOnTimeout (timers.js:317:5)
    at Timer.listOnTimeout (timers.js:277:5)
  name: 'MongoNetworkError',
  errorLabels: [ 'TransientTransactionError' ],
  [Symbol(mongoErrorContextSymbol)]: {} }
